{
  "stats": {
    "suites": 1,
    "tests": 1,
    "passes": 1,
    "pending": 0,
    "failures": 0,
    "start": "2024-09-28T07:04:27.398Z",
    "end": "2024-09-28T07:04:45.816Z",
    "duration": 18418,
    "testsRegistered": 1,
    "passPercent": 100,
    "pendingPercent": 0,
    "other": 0,
    "hasOther": false,
    "skipped": 0,
    "hasSkipped": false
  },
  "results": [
    {
      "uuid": "28d02f80-bece-401f-a6ba-0aa23bffaaca",
      "title": "",
      "fullFile": "cypress\\integration\\Basic\\day5.js",
      "file": "cypress\\integration\\Basic\\day5.js",
      "beforeHooks": [],
      "afterHooks": [],
      "tests": [],
      "suites": [
        {
          "uuid": "19787ca0-2678-4fa0-970a-13994f3d16cc",
          "title": "",
          "fullFile": "",
          "file": "",
          "beforeHooks": [],
          "afterHooks": [],
          "tests": [
            {
              "title": "",
              "fullTitle": " ",
              "timedOut": null,
              "duration": 14610,
              "state": "passed",
              "speed": "slow",
              "pass": true,
              "fail": false,
              "pending": false,
              "context": null,
              "code": "cy.visit('https://books.toscrape.com/');\ncy.title().should('include', ' Books to Scrape - Sandbox');\ncy.xpath('//a[contains(text(),\"Nonfiction\")]').click();\ncy.xpath('(//*[@class=\"btn btn-primary btn-block\"])[2]').click();",
              "err": {},
              "uuid": "548fd85d-2b85-403a-9064-68883d659070",
              "parentUUID": "19787ca0-2678-4fa0-970a-13994f3d16cc",
              "isHook": false,
              "skipped": false
            }
          ],
          "suites": [],
          "passes": [
            "548fd85d-2b85-403a-9064-68883d659070"
          ],
          "failures": [],
          "pending": [],
          "skipped": [],
          "duration": 14610,
          "root": false,
          "rootEmpty": false,
          "_timeout": 2000
        }
      ],
      "passes": [],
      "failures": [],
      "pending": [],
      "skipped": [],
      "duration": 0,
      "root": true,
      "rootEmpty": true,
      "_timeout": 2000
    }
  ],
  "meta": {
    "mocha": {
      "version": "7.0.1"
    },
    "mochawesome": {
      "options": {
        "quiet": false,
        "reportFilename": "mochawesome",
        "saveHtml": true,
        "saveJson": true,
        "consoleReporter": "spec",
        "useInlineDiffs": false,
        "code": true
      },
      "version": "7.1.3"
    },
    "marge": {
      "options": {
        "reportDir": "cypress/reports/mochawesome-report",
        "overwrite": false,
        "html": true,
        "json": true,
        "charts": true
      },
      "version": "6.2.0"
    }
  }
}