{
  "stats": {
    "suites": 1,
    "tests": 1,
    "passes": 0,
    "pending": 0,
    "failures": 1,
    "start": "2024-09-28T07:03:43.209Z",
    "end": "2024-09-28T07:03:50.352Z",
    "duration": 7143,
    "testsRegistered": 1,
    "passPercent": 0,
    "pendingPercent": 0,
    "other": 0,
    "hasOther": false,
    "skipped": 0,
    "hasSkipped": false
  },
  "results": [
    {
      "uuid": "80567d64-5ade-4cf4-bbc7-b4ebf4fac810",
      "title": "",
      "fullFile": "cypress\\integration\\Basic\\datadriven.js",
      "file": "cypress\\integration\\Basic\\datadriven.js",
      "beforeHooks": [],
      "afterHooks": [],
      "tests": [],
      "suites": [
        {
          "uuid": "113e5188-2978-42fd-8a70-892946a862b0",
          "title": "",
          "fullFile": "",
          "file": "",
          "beforeHooks": [],
          "afterHooks": [],
          "tests": [
            {
              "title": "",
              "fullTitle": " ",
              "timedOut": null,
              "duration": 4605,
              "state": "failed",
              "speed": null,
              "pass": false,
              "fail": true,
              "pending": false,
              "context": null,
              "code": "cy.visit('https://rahulshettyacademy.com/AutomationPractice/');\ncy.get(\"(//a[text()='Home'])[1]\").click;",
              "err": {
                "message": "Error: Syntax error, unrecognized expression: (//a[text()='Home'])[1]",
                "estack": "Error: Syntax error, unrecognized expression: (//a[text()='Home'])[1]\n    at Sizzle.error (https://rahulshettyacademy.com/__cypress/runner/cypress_runner.js:8442:8)\n    at Sizzle.tokenize (https://rahulshettyacademy.com/__cypress/runner/cypress_runner.js:9098:11)\n    at Sizzle.select (https://rahulshettyacademy.com/__cypress/runner/cypress_runner.js:9525:20)\n    at Function.Sizzle [as find] (https://rahulshettyacademy.com/__cypress/runner/cypress_runner.js:7746:9)\n    at jQuery.fn.init.find (https://rahulshettyacademy.com/__cypress/runner/cypress_runner.js:9778:11)\n    at new jQuery.fn.init (https://rahulshettyacademy.com/__cypress/runner/cypress_runner.js:9893:40)\n    at Object.query (https://rahulshettyacademy.com/__cypress/runner/cypress_runner.js:35110:10)\n    at $Cy.$$ (https://rahulshettyacademy.com/__cypress/runner/cypress_runner.js:140408:57)\n    at <unknown> (https://rahulshettyacademy.com/__cypress/runner/cypress_runner.js:132328:18)\n    at Object.subjectFn (https://rahulshettyacademy.com/__cypress/runner/cypress_runner.js:144224:16)\n    at $Cy.verifyUpcomingAssertions (https://rahulshettyacademy.com/__cypress/runner/cypress_runner.js:143563:31)\n    at onRetry (https://rahulshettyacademy.com/__cypress/runner/cypress_runner.js:144215:15)\n    at retryQuery (https://rahulshettyacademy.com/__cypress/runner/cypress_runner.js:144228:10)\n    at <unknown> (https://rahulshettyacademy.com/__cypress/runner/cypress_runner.js:144378:17)\n    at tryCatcher (https://rahulshettyacademy.com/__cypress/runner/cypress_runner.js:1807:23)\n    at Promise._settlePromiseFromHandler (https://rahulshettyacademy.com/__cypress/runner/cypress_runner.js:1519:31)\n    at Promise._settlePromise (https://rahulshettyacademy.com/__cypress/runner/cypress_runner.js:1576:18)\n    at Promise._settlePromiseCtx (https://rahulshettyacademy.com/__cypress/runner/cypress_runner.js:1613:10)\n    at _drainQueueStep (https://rahulshettyacademy.com/__cypress/runner/cypress_runner.js:2411:12)\n    at _drainQueue (https://rahulshettyacademy.com/__cypress/runner/cypress_runner.js:2400:9)\n    at Async._drainQueues (https://rahulshettyacademy.com/__cypress/runner/cypress_runner.js:2416:5)\n    at Async.drainQueues (https://rahulshettyacademy.com/__cypress/runner/cypress_runner.js:2286:14)",
                "diff": null
              },
              "uuid": "bf8fb12d-f8fa-48ac-9ed5-6729ffd6dfbb",
              "parentUUID": "113e5188-2978-42fd-8a70-892946a862b0",
              "isHook": false,
              "skipped": false
            }
          ],
          "suites": [],
          "passes": [],
          "failures": [
            "bf8fb12d-f8fa-48ac-9ed5-6729ffd6dfbb"
          ],
          "pending": [],
          "skipped": [],
          "duration": 4605,
          "root": false,
          "rootEmpty": false,
          "_timeout": 2000
        }
      ],
      "passes": [],
      "failures": [],
      "pending": [],
      "skipped": [],
      "duration": 0,
      "root": true,
      "rootEmpty": true,
      "_timeout": 2000
    }
  ],
  "meta": {
    "mocha": {
      "version": "7.0.1"
    },
    "mochawesome": {
      "options": {
        "quiet": false,
        "reportFilename": "mochawesome",
        "saveHtml": true,
        "saveJson": true,
        "consoleReporter": "spec",
        "useInlineDiffs": false,
        "code": true
      },
      "version": "7.1.3"
    },
    "marge": {
      "options": {
        "reportDir": "cypress/reports/mochawesome-report",
        "overwrite": false,
        "html": true,
        "json": true,
        "charts": true
      },
      "version": "6.2.0"
    }
  }
}