{
  "stats": {
    "suites": 1,
    "tests": 1,
    "passes": 1,
    "pending": 0,
    "failures": 0,
    "start": "2024-09-28T07:03:14.918Z",
    "end": "2024-09-28T07:03:23.665Z",
    "duration": 8747,
    "testsRegistered": 1,
    "passPercent": 100,
    "pendingPercent": 0,
    "other": 0,
    "hasOther": false,
    "skipped": 0,
    "hasSkipped": false
  },
  "results": [
    {
      "uuid": "a9113f42-a1a2-495b-9abb-67b8ae14aaf7",
      "title": "",
      "fullFile": "cypress\\integration\\Basic\\alert.js",
      "file": "cypress\\integration\\Basic\\alert.js",
      "beforeHooks": [],
      "afterHooks": [],
      "tests": [],
      "suites": [
        {
          "uuid": "a33a482a-b373-404b-b1bb-a802398a2ee9",
          "title": "",
          "fullFile": "",
          "file": "",
          "beforeHooks": [],
          "afterHooks": [],
          "tests": [
            {
              "title": "",
              "fullTitle": " ",
              "timedOut": null,
              "duration": 6122,
              "state": "passed",
              "speed": "medium",
              "pass": true,
              "fail": false,
              "pending": false,
              "context": null,
              "code": "var name = 'ganesh';\ncy.visit('https://rahulshettyacademy.com/AutomationPractice/');\ncy.get('[id=\"name\"]').type(name);\ncy.get('#alertbtn').click();\ncy.on('window:alert', function (text) {\n  expect(text).to.contains(name);\n  // cy.get('').click()\n  cy.on('window:confirm', function (alert2) {\n    expect(alert00).to.contains();\n  });\n});",
              "err": {},
              "uuid": "a53f9c0d-b8b6-4bfe-aaa3-51ebdb3c5469",
              "parentUUID": "a33a482a-b373-404b-b1bb-a802398a2ee9",
              "isHook": false,
              "skipped": false
            }
          ],
          "suites": [],
          "passes": [
            "a53f9c0d-b8b6-4bfe-aaa3-51ebdb3c5469"
          ],
          "failures": [],
          "pending": [],
          "skipped": [],
          "duration": 6122,
          "root": false,
          "rootEmpty": false,
          "_timeout": 2000
        }
      ],
      "passes": [],
      "failures": [],
      "pending": [],
      "skipped": [],
      "duration": 0,
      "root": true,
      "rootEmpty": true,
      "_timeout": 2000
    }
  ],
  "meta": {
    "mocha": {
      "version": "7.0.1"
    },
    "mochawesome": {
      "options": {
        "quiet": false,
        "reportFilename": "mochawesome",
        "saveHtml": true,
        "saveJson": true,
        "consoleReporter": "spec",
        "useInlineDiffs": false,
        "code": true
      },
      "version": "7.1.3"
    },
    "marge": {
      "options": {
        "reportDir": "cypress/reports/mochawesome-report",
        "overwrite": false,
        "html": true,
        "json": true,
        "charts": true
      },
      "version": "6.2.0"
    }
  }
}