{
  "stats": {
    "suites": 1,
    "tests": 1,
    "passes": 1,
    "pending": 1,
    "failures": -1,
    "start": "2024-09-28T07:06:26.121Z",
    "end": "2024-09-28T07:06:32.000Z",
    "duration": 5879,
    "testsRegistered": 2,
    "passPercent": 100,
    "pendingPercent": 50,
    "other": 1,
    "hasOther": true,
    "skipped": 0,
    "hasSkipped": false
  },
  "results": [
    {
      "uuid": "5a61e89a-8a09-4f33-aa2b-74bbf59f47bb",
      "title": "",
      "fullFile": "cypress\\integration\\Basic\\testttttt.js",
      "file": "cypress\\integration\\Basic\\testttttt.js",
      "beforeHooks": [],
      "afterHooks": [],
      "tests": [],
      "suites": [
        {
          "uuid": "3a56cce2-7229-4279-8faa-c0efd3ec7779",
          "title": "",
          "fullFile": "",
          "file": "",
          "beforeHooks": [],
          "afterHooks": [],
          "tests": [
            {
              "title": "",
              "fullTitle": " ",
              "timedOut": null,
              "duration": 0,
              "state": "pending",
              "speed": null,
              "pass": false,
              "fail": false,
              "pending": true,
              "context": null,
              "code": "cy.visit('https://rahulshettyacademy.com/AutomationPractice/');\ncy.wait(2000);\ncy.xpath('//table[@name=\"courses\"]//tr[10]//td[3]').each(function ($ele) {\n  if ($ele.text().includes('Bugzilla')) {\n    cy.wrap($ele).next().then(function (num) {\n      cy.log(num.text());\n    });\n  }\n});",
              "err": {},
              "uuid": "06b7373c-71df-4b55-9e00-825e1021ad23",
              "parentUUID": "3a56cce2-7229-4279-8faa-c0efd3ec7779",
              "isHook": false,
              "skipped": false
            },
            {
              "title": "",
              "fullTitle": " ",
              "timedOut": null,
              "duration": 3669,
              "state": "passed",
              "speed": "fast",
              "pass": true,
              "fail": false,
              "pending": false,
              "context": null,
              "code": "cy.visit('https://rahulshettyacademy.com/AutomationPractice/');\ncy.get('[value=\"radio1\"]').click();",
              "err": {},
              "uuid": "d8fd9a13-ffc8-4af6-815b-cf9db34631ec",
              "parentUUID": "3a56cce2-7229-4279-8faa-c0efd3ec7779",
              "isHook": false,
              "skipped": false
            }
          ],
          "suites": [],
          "passes": [
            "d8fd9a13-ffc8-4af6-815b-cf9db34631ec"
          ],
          "failures": [],
          "pending": [
            "06b7373c-71df-4b55-9e00-825e1021ad23"
          ],
          "skipped": [],
          "duration": 3669,
          "root": false,
          "rootEmpty": false,
          "_timeout": 2000
        }
      ],
      "passes": [],
      "failures": [],
      "pending": [],
      "skipped": [],
      "duration": 0,
      "root": true,
      "rootEmpty": true,
      "_timeout": 2000
    }
  ],
  "meta": {
    "mocha": {
      "version": "7.0.1"
    },
    "mochawesome": {
      "options": {
        "quiet": false,
        "reportFilename": "mochawesome",
        "saveHtml": true,
        "saveJson": true,
        "consoleReporter": "spec",
        "useInlineDiffs": false,
        "code": true
      },
      "version": "7.1.3"
    },
    "marge": {
      "options": {
        "reportDir": "cypress/reports/mochawesome-report",
        "overwrite": false,
        "html": true,
        "json": true,
        "charts": true
      },
      "version": "6.2.0"
    }
  }
}