{
  "stats": {
    "suites": 1,
    "tests": 2,
    "passes": 2,
    "pending": 0,
    "failures": 0,
    "start": "2024-09-28T07:03:52.838Z",
    "end": "2024-09-28T07:04:08.834Z",
    "duration": 15996,
    "testsRegistered": 2,
    "passPercent": 100,
    "pendingPercent": 0,
    "other": 0,
    "hasOther": false,
    "skipped": 0,
    "hasSkipped": false
  },
  "results": [
    {
      "uuid": "71d48e67-6f1c-492e-81d8-7523c1b3efb0",
      "title": "",
      "fullFile": "cypress\\integration\\Basic\\day1.js",
      "file": "cypress\\integration\\Basic\\day1.js",
      "beforeHooks": [],
      "afterHooks": [],
      "tests": [],
      "suites": [
        {
          "uuid": "04188b2a-c40d-41a6-987f-989127d3792d",
          "title": "",
          "fullFile": "",
          "file": "",
          "beforeHooks": [],
          "afterHooks": [],
          "tests": [
            {
              "title": "",
              "fullTitle": " ",
              "timedOut": null,
              "duration": 3893,
              "state": "passed",
              "speed": "fast",
              "pass": true,
              "fail": false,
              "pending": false,
              "context": null,
              "code": "cy.visit('https://www.google.com/');",
              "err": {},
              "uuid": "739b9f71-c987-4d73-af22-18c05c03db9e",
              "parentUUID": "04188b2a-c40d-41a6-987f-989127d3792d",
              "isHook": false,
              "skipped": false
            },
            {
              "title": "",
              "fullTitle": " ",
              "timedOut": null,
              "duration": 5281,
              "state": "passed",
              "speed": "medium",
              "pass": true,
              "fail": false,
              "pending": false,
              "context": null,
              "code": "cy.visit('https://the-internet.herokuapp.com/login');\ncy.get('#username').type('tomsmith');\ncy.get('#password').type('SuperSecretPassword!');\ncy.get('.radius').click();",
              "err": {},
              "uuid": "836d0ee5-7c43-450d-9702-c7767bf54982",
              "parentUUID": "04188b2a-c40d-41a6-987f-989127d3792d",
              "isHook": false,
              "skipped": false
            }
          ],
          "suites": [],
          "passes": [
            "739b9f71-c987-4d73-af22-18c05c03db9e",
            "836d0ee5-7c43-450d-9702-c7767bf54982"
          ],
          "failures": [],
          "pending": [],
          "skipped": [],
          "duration": 9174,
          "root": false,
          "rootEmpty": false,
          "_timeout": 2000
        }
      ],
      "passes": [],
      "failures": [],
      "pending": [],
      "skipped": [],
      "duration": 0,
      "root": true,
      "rootEmpty": true,
      "_timeout": 2000
    }
  ],
  "meta": {
    "mocha": {
      "version": "7.0.1"
    },
    "mochawesome": {
      "options": {
        "quiet": false,
        "reportFilename": "mochawesome",
        "saveHtml": true,
        "saveJson": true,
        "consoleReporter": "spec",
        "useInlineDiffs": false,
        "code": true
      },
      "version": "7.1.3"
    },
    "marge": {
      "options": {
        "reportDir": "cypress/reports/mochawesome-report",
        "overwrite": false,
        "html": true,
        "json": true,
        "charts": true
      },
      "version": "6.2.0"
    }
  }
}