{
  "stats": {
    "suites": 1,
    "tests": 1,
    "passes": 1,
    "pending": 0,
    "failures": 0,
    "start": "2024-09-28T07:03:26.612Z",
    "end": "2024-09-28T07:03:39.298Z",
    "duration": 12686,
    "testsRegistered": 1,
    "passPercent": 100,
    "pendingPercent": 0,
    "other": 0,
    "hasOther": false,
    "skipped": 0,
    "hasSkipped": false
  },
  "results": [
    {
      "uuid": "697ef534-dd89-4301-9346-047ea030e526",
      "title": "",
      "fullFile": "cypress\\integration\\Basic\\assiment.js",
      "file": "cypress\\integration\\Basic\\assiment.js",
      "beforeHooks": [],
      "afterHooks": [],
      "tests": [],
      "suites": [
        {
          "uuid": "2e8f84d1-e949-4821-80e7-fa50006e917f",
          "title": "",
          "fullFile": "",
          "file": "",
          "beforeHooks": [],
          "afterHooks": [],
          "tests": [
            {
              "title": "",
              "fullTitle": " ",
              "timedOut": null,
              "duration": 8243,
              "state": "passed",
              "speed": "medium",
              "pass": true,
              "fail": false,
              "pending": false,
              "context": null,
              "code": "cy.visit('https://books.toscrape.com/');\ncy.title().should('include', ' Books to Scrape - Sandbox');\ncy.xpath('//a[contains(text(),\"Nonfiction\")]').click();\ncy.xpath('(//*[@class=\"btn btn-primary btn-block\"])[2]').click();",
              "err": {},
              "uuid": "128e3124-4d83-42f2-b249-dda81f341033",
              "parentUUID": "2e8f84d1-e949-4821-80e7-fa50006e917f",
              "isHook": false,
              "skipped": false
            }
          ],
          "suites": [],
          "passes": [
            "128e3124-4d83-42f2-b249-dda81f341033"
          ],
          "failures": [],
          "pending": [],
          "skipped": [],
          "duration": 8243,
          "root": false,
          "rootEmpty": false,
          "_timeout": 2000
        }
      ],
      "passes": [],
      "failures": [],
      "pending": [],
      "skipped": [],
      "duration": 0,
      "root": true,
      "rootEmpty": true,
      "_timeout": 2000
    }
  ],
  "meta": {
    "mocha": {
      "version": "7.0.1"
    },
    "mochawesome": {
      "options": {
        "quiet": false,
        "reportFilename": "mochawesome",
        "saveHtml": true,
        "saveJson": true,
        "consoleReporter": "spec",
        "useInlineDiffs": false,
        "code": true
      },
      "version": "7.1.3"
    },
    "marge": {
      "options": {
        "reportDir": "cypress/reports/mochawesome-report",
        "overwrite": false,
        "html": true,
        "json": true,
        "charts": true
      },
      "version": "6.2.0"
    }
  }
}