{
  "stats": {
    "suites": 1,
    "tests": 3,
    "passes": 3,
    "pending": 0,
    "failures": 0,
    "start": "2024-09-28T07:04:48.312Z",
    "end": "2024-09-28T07:05:07.988Z",
    "duration": 19676,
    "testsRegistered": 3,
    "passPercent": 100,
    "pendingPercent": 0,
    "other": 0,
    "hasOther": false,
    "skipped": 0,
    "hasSkipped": false
  },
  "results": [
    {
      "uuid": "1eaa6ce2-1be4-4950-92a4-09d09c94fbc8",
      "title": "",
      "fullFile": "cypress\\integration\\Basic\\dayxpath.js",
      "file": "cypress\\integration\\Basic\\dayxpath.js",
      "beforeHooks": [],
      "afterHooks": [],
      "tests": [],
      "suites": [
        {
          "uuid": "c888314d-ca67-45bb-8a84-502c131512e7",
          "title": "",
          "fullFile": "",
          "file": "",
          "beforeHooks": [],
          "afterHooks": [],
          "tests": [
            {
              "title": "",
              "fullTitle": " ",
              "timedOut": null,
              "duration": 3816,
              "state": "passed",
              "speed": "fast",
              "pass": true,
              "fail": false,
              "pending": false,
              "context": null,
              "code": "cy.visit('https://v1.training-support.net/selenium/simple-form');\ncy.get('#firstName').type('punit');\ncy.get('#lastName').type('kumar');\ncy.get('#email').type('punit@gamil.com');\ncy.get('[placeholder=\"9876543210\"]').type('770000890');\ncy.get('[rows=\"2\"]').type('happy teacher day sir');\ncy.get('input[type=\"submit\"][class=\"ui green button\"]').click();",
              "err": {},
              "uuid": "719eca28-c5d7-484a-9a55-70551ca40f7f",
              "parentUUID": "c888314d-ca67-45bb-8a84-502c131512e7",
              "isHook": false,
              "skipped": false
            },
            {
              "title": "",
              "fullTitle": " ",
              "timedOut": null,
              "duration": 2109,
              "state": "passed",
              "speed": "fast",
              "pass": true,
              "fail": false,
              "pending": false,
              "context": null,
              "code": "cy.visit('https://v1.training-support.net/selenium/simple-form');\ncy.url().should('include', 'selenium');\ncy.title().should('include', 'Simple Form');\n// see form to the visible\ncy.xpath('//*[@class=\"content\"]').should('be.visible');\ncy.xpath('//*[@placeholder=\"First Name\"]').should('have.attr', 'placeholder', 'First Name').and('have.attr', 'id');\ncy.xpath('//*[@placeholder=\"First Name\"]').should('have.id', 'firstName').type('punit').should('have.value', 'punit').should('have.attr', 'placeholder');\ncy.xpath('//*[@placeholder=\"Last Name\"]').type('kumar').should('have.value', 'kumar');\ncy.xpath('//*[@type=\"email\"]').type('punit@gmail.com').should('have.value', 'punit@gmail.com');\ncy.xpath('//*[@type=\"tel\"]').type(\"1234567898\").should('have.value', '1234567898');\ncy.xpath('(//*[@class=\"ui green button\"])[1]').click();",
              "err": {},
              "uuid": "84ab6b81-95d7-47b7-9e38-c6013c30bc1c",
              "parentUUID": "c888314d-ca67-45bb-8a84-502c131512e7",
              "isHook": false,
              "skipped": false
            },
            {
              "title": "",
              "fullTitle": " ",
              "timedOut": null,
              "duration": 7285,
              "state": "passed",
              "speed": "medium",
              "pass": true,
              "fail": false,
              "pending": false,
              "context": null,
              "code": "cy.visit('https://automationteststore.com/index.php?rt=content/contact');\ncy.url().should('include', 'contact');\ncy.title().should('include', 'Contact Us');\ncy.xpath('(//a[@href=\"https://automationteststore.com/index.php?rt=content/contact\"])[2]').click();\ncy.xpath('//input[@id=\"ContactUsFrm_first_name\"]').type('punitkumar');\ncy.get('#ContactUsFrm_email').type('punit@gamil.com');\ncy.get('#ContactUsFrm_enquiry').type('nothing');\ncy.xpath('//i[@class=\"fa fa-check\"]').click();",
              "err": {},
              "uuid": "81f4c9a6-0f39-4762-9641-dca52487afef",
              "parentUUID": "c888314d-ca67-45bb-8a84-502c131512e7",
              "isHook": false,
              "skipped": false
            }
          ],
          "suites": [],
          "passes": [
            "719eca28-c5d7-484a-9a55-70551ca40f7f",
            "84ab6b81-95d7-47b7-9e38-c6013c30bc1c",
            "81f4c9a6-0f39-4762-9641-dca52487afef"
          ],
          "failures": [],
          "pending": [],
          "skipped": [],
          "duration": 13210,
          "root": false,
          "rootEmpty": false,
          "_timeout": 2000
        }
      ],
      "passes": [],
      "failures": [],
      "pending": [],
      "skipped": [],
      "duration": 0,
      "root": true,
      "rootEmpty": true,
      "_timeout": 2000
    }
  ],
  "meta": {
    "mocha": {
      "version": "7.0.1"
    },
    "mochawesome": {
      "options": {
        "quiet": false,
        "reportFilename": "mochawesome",
        "saveHtml": true,
        "saveJson": true,
        "consoleReporter": "spec",
        "useInlineDiffs": false,
        "code": true
      },
      "version": "7.1.3"
    },
    "marge": {
      "options": {
        "reportDir": "cypress/reports/mochawesome-report",
        "overwrite": false,
        "html": true,
        "json": true,
        "charts": true
      },
      "version": "6.2.0"
    }
  }
}