{
  "stats": {
    "suites": 1,
    "tests": 1,
    "passes": 1,
    "pending": 0,
    "failures": 0,
    "start": "2024-09-28T07:06:12.630Z",
    "end": "2024-09-28T07:06:23.692Z",
    "duration": 11062,
    "testsRegistered": 1,
    "passPercent": 100,
    "pendingPercent": 0,
    "other": 0,
    "hasOther": false,
    "skipped": 0,
    "hasSkipped": false
  },
  "results": [
    {
      "uuid": "c78eea1c-ccad-47cb-808c-0ed910cb65d5",
      "title": "",
      "fullFile": "cypress\\integration\\Basic\\rahul.js",
      "file": "cypress\\integration\\Basic\\rahul.js",
      "beforeHooks": [],
      "afterHooks": [],
      "tests": [],
      "suites": [
        {
          "uuid": "d1115164-353e-41e2-98f6-fd5f7757a90c",
          "title": "",
          "fullFile": "",
          "file": "",
          "beforeHooks": [],
          "afterHooks": [],
          "tests": [
            {
              "title": "",
              "fullTitle": " ",
              "timedOut": null,
              "duration": 8837,
              "state": "passed",
              "speed": "medium",
              "pass": true,
              "fail": false,
              "pending": false,
              "context": null,
              "code": "cy.visit('https://rahulshettyacademy.com/AutomationPractice/');\ncy.get('[href=\"https://rahulshettyacademy.com/documents-request\"]').click();\ncy.xpath('(//a[@class=\"new-navbar-highlighter\"])[2]').click();\ncy.wait(1000);\ncy.go('back');\ncy.go('forward');\ncy.reload();",
              "err": {},
              "uuid": "fc0f5e1a-d457-4f3b-89b3-02b4fa561622",
              "parentUUID": "d1115164-353e-41e2-98f6-fd5f7757a90c",
              "isHook": false,
              "skipped": false
            }
          ],
          "suites": [],
          "passes": [
            "fc0f5e1a-d457-4f3b-89b3-02b4fa561622"
          ],
          "failures": [],
          "pending": [],
          "skipped": [],
          "duration": 8837,
          "root": false,
          "rootEmpty": false,
          "_timeout": 2000
        }
      ],
      "passes": [],
      "failures": [],
      "pending": [],
      "skipped": [],
      "duration": 0,
      "root": true,
      "rootEmpty": true,
      "_timeout": 2000
    }
  ],
  "meta": {
    "mocha": {
      "version": "7.0.1"
    },
    "mochawesome": {
      "options": {
        "quiet": false,
        "reportFilename": "mochawesome",
        "saveHtml": true,
        "saveJson": true,
        "consoleReporter": "spec",
        "useInlineDiffs": false,
        "code": true
      },
      "version": "7.1.3"
    },
    "marge": {
      "options": {
        "reportDir": "cypress/reports/mochawesome-report",
        "overwrite": false,
        "html": true,
        "json": true,
        "charts": true
      },
      "version": "6.2.0"
    }
  }
}