{
  "stats": {
    "suites": 1,
    "tests": 1,
    "passes": 1,
    "pending": 0,
    "failures": 0,
    "start": "2024-09-28T07:05:49.775Z",
    "end": "2024-09-28T07:06:10.289Z",
    "duration": 20514,
    "testsRegistered": 1,
    "passPercent": 100,
    "pendingPercent": 0,
    "other": 0,
    "hasOther": false,
    "skipped": 0,
    "hasSkipped": false
  },
  "results": [
    {
      "uuid": "d70d9475-5630-4520-8b36-1dfcb1eea269",
      "title": "",
      "fullFile": "cypress\\integration\\Basic\\radio.js",
      "file": "cypress\\integration\\Basic\\radio.js",
      "beforeHooks": [],
      "afterHooks": [],
      "tests": [],
      "suites": [
        {
          "uuid": "9e51b46e-120a-4f31-8edc-aa793352fb9b",
          "title": "",
          "fullFile": "",
          "file": "",
          "beforeHooks": [],
          "afterHooks": [],
          "tests": [
            {
              "title": "",
              "fullTitle": " ",
              "timedOut": null,
              "duration": 18146,
              "state": "passed",
              "speed": "slow",
              "pass": true,
              "fail": false,
              "pending": false,
              "context": null,
              "code": "cy.visit('https://rahulshettyacademy.com/AutomationPractice/');\ncy.get('[value=\"radio1\"]').should('not.be.checked').click().should('be.checked');\ncy.get('[value=\"radio2\"]').should('not.be.checked').check().should('be.checked');\ncy.get('[value=\"radio3\"]').check().should('be.checked');\n// cy.wait('10000')\ncy.get('#dropdown-class-example').should('be.visible').select('option1');\ncy.get('#dropdown-class-example').select('option2').should('have.value', 'option2');\ncy.get('#dropdown-class-example').select('option3').should('have.value', 'option3');\ncy.get('#dropdown-class-example').select('').should('have.value', '');\ncy.get('#dropdown-class-example').select('Option1').should('include.text', 'Option1');\ncy.get('#dropdown-class-example').select('Option2').should('include.text', 'Option2');\ncy.get('#dropdown-class-example').select('Option3').should('include.text', 'Option3');\ncy.wait(6000);\ncy.get('#dropdown-class-example').select('Select').should('include.text', 'Select');\ncy.get('#dropdown-class-example').select(0).should('include.text', '');\ncy.get('#dropdown-class-example').select(1).should('include.text', 'Option1');\ncy.get('#dropdown-class-example').select(2).should('include.text', 'Option2');\ncy.wait(6000);\ncy.get('#dropdown-class-example').select(3).should('include.text', 'Option3');",
              "err": {},
              "uuid": "56f62213-ae00-4864-b632-5abaa836a9de",
              "parentUUID": "9e51b46e-120a-4f31-8edc-aa793352fb9b",
              "isHook": false,
              "skipped": false
            }
          ],
          "suites": [],
          "passes": [
            "56f62213-ae00-4864-b632-5abaa836a9de"
          ],
          "failures": [],
          "pending": [],
          "skipped": [],
          "duration": 18146,
          "root": false,
          "rootEmpty": false,
          "_timeout": 2000
        }
      ],
      "passes": [],
      "failures": [],
      "pending": [],
      "skipped": [],
      "duration": 0,
      "root": true,
      "rootEmpty": true,
      "_timeout": 2000
    }
  ],
  "meta": {
    "mocha": {
      "version": "7.0.1"
    },
    "mochawesome": {
      "options": {
        "quiet": false,
        "reportFilename": "mochawesome",
        "saveHtml": true,
        "saveJson": true,
        "consoleReporter": "spec",
        "useInlineDiffs": false,
        "code": true
      },
      "version": "7.1.3"
    },
    "marge": {
      "options": {
        "reportDir": "cypress/reports/mochawesome-report",
        "overwrite": false,
        "html": true,
        "json": true,
        "charts": true
      },
      "version": "6.2.0"
    }
  }
}